<?xml version="1.0" encoding="UTF-8"?>
<!-- Generated by org.testng.reporters.JUnitReportReporter -->
<testsuite hostname="DESKTOP-LEHMIKS" failures="0" tests="1" name="test.java.MakeMyTripTest" time="26.046" errors="0" timestamp="2024-08-04T18:15:01 IST" skipped="0">
  <testcase classname="test.java.MakeMyTripTest" name="searchFlights" time="26.046"/>
  <system-out/>
</testsuite> <!-- test.java.MakeMyTripTest -->
