<?xml version="1.0" encoding="UTF-8"?>
<!-- Generated by org.testng.reporters.JUnitReportReporter -->
<testsuite hostname="DESKTOP-LEHMIKS" failures="0" tests="1" name="test.MakeMyTripTest" time="19.291" errors="0" timestamp="2024-08-11T01:56:03 IST" skipped="0">
  <testcase classname="test.MakeMyTripTest" name="searchFlights" time="19.291"/>
</testsuite> <!-- test.MakeMyTripTest -->
